[2025-11-21T05:57:58.698+0000] {local_task_job_runner.py:120} INFO - ::group::Pre task execution logs
[2025-11-21T05:57:58.769+0000] {taskinstance.py:2073} INFO - Dependencies all met for dep_context=non-requeueable deps ti=<TaskInstance: load_email_thread_data.load_email_data manual__2025-11-21T05:57:45.425020+00:00 [queued]>
[2025-11-21T05:57:58.810+0000] {taskinstance.py:2073} INFO - Dependencies all met for dep_context=requeueable deps ti=<TaskInstance: load_email_thread_data.load_email_data manual__2025-11-21T05:57:45.425020+00:00 [queued]>
[2025-11-21T05:57:58.811+0000] {taskinstance.py:2303} INFO - Starting attempt 1 of 1
[2025-11-21T05:57:59.010+0000] {taskinstance.py:2327} INFO - Executing <Task(PythonOperator): load_email_data> on 2025-11-21 05:57:45.425020+00:00
[2025-11-21T05:57:59.025+0000] {warnings.py:110} WARNING - /home/***/.local/lib/python3.12/site-packages/***/task/task_runner/standard_task_runner.py:61: DeprecationWarning: This process (pid=315) is multi-threaded, use of fork() may lead to deadlocks in the child.
  pid = os.fork()

[2025-11-21T05:57:59.028+0000] {standard_task_runner.py:63} INFO - Started process 317 to run task
[2025-11-21T05:57:59.032+0000] {standard_task_runner.py:90} INFO - Running: ['***', 'tasks', 'run', 'load_email_thread_data', 'load_email_data', 'manual__2025-11-21T05:57:45.425020+00:00', '--job-id', '7', '--raw', '--subdir', 'DAGS_FOLDER/extraction/email_threads/load_email_threads.py', '--cfg-path', '/tmp/tmpanrslbfx']
[2025-11-21T05:57:59.035+0000] {standard_task_runner.py:91} INFO - Job 7: Subtask load_email_data
[2025-11-21T05:57:59.314+0000] {task_command.py:426} INFO - Running <TaskInstance: load_email_thread_data.load_email_data manual__2025-11-21T05:57:45.425020+00:00 [running]> on host 3223f5318064
[2025-11-21T05:57:59.624+0000] {taskinstance.py:2644} INFO - Exporting env vars: AIRFLOW_CTX_DAG_OWNER='***' AIRFLOW_CTX_DAG_ID='load_email_thread_data' AIRFLOW_CTX_TASK_ID='load_email_data' AIRFLOW_CTX_EXECUTION_DATE='2025-11-21T05:57:45.425020+00:00' AIRFLOW_CTX_TRY_NUMBER='1' AIRFLOW_CTX_DAG_RUN_ID='manual__2025-11-21T05:57:45.425020+00:00'
[2025-11-21T05:57:59.628+0000] {taskinstance.py:430} INFO - ::endgroup::
[2025-11-21T05:57:59.637+0000] {taskinstance.py:441} INFO - ::group::Post task execution logs
[2025-11-21T05:57:59.640+0000] {taskinstance.py:2890} ERROR - Task failed with exception
Traceback (most recent call last):
  File "/home/airflow/.local/lib/python3.12/site-packages/airflow/models/taskinstance.py", line 465, in _execute_task
    result = _execute_callable(context=context, **execute_callable_kwargs)
             ^^^^^^^^^^^^^^^^^^^^^^^^^^^^^^^^^^^^^^^^^^^^^^^^^^^^^^^^^^^^^
  File "/home/airflow/.local/lib/python3.12/site-packages/airflow/models/taskinstance.py", line 432, in _execute_callable
    return execute_callable(context=context, **execute_callable_kwargs)
           ^^^^^^^^^^^^^^^^^^^^^^^^^^^^^^^^^^^^^^^^^^^^^^^^^^^^^^^^^^^^
  File "/home/airflow/.local/lib/python3.12/site-packages/airflow/models/baseoperator.py", line 400, in wrapper
    return func(self, *args, **kwargs)
           ^^^^^^^^^^^^^^^^^^^^^^^^^^^
  File "/home/airflow/.local/lib/python3.12/site-packages/airflow/operators/python.py", line 235, in execute
    return_value = self.execute_callable()
                   ^^^^^^^^^^^^^^^^^^^^^^^
  File "/home/airflow/.local/lib/python3.12/site-packages/airflow/operators/python.py", line 252, in execute_callable
    return self.python_callable(*self.op_args, **self.op_kwargs)
           ^^^^^^^^^^^^^^^^^^^^^^^^^^^^^^^^^^^^^^^^^^^^^^^^^^^^^
  File "/opt/airflow/dags/extraction/email_threads/load_email_threads.py", line 19, in load_csv_to_postgres
    details = pd.read_csv(f"{DATA_PATH}email_thread_details.csv")
              ^^^^^^^^^^^^^^^^^^^^^^^^^^^^^^^^^^^^^^^^^^^^^^^^^^^
  File "/home/airflow/.local/lib/python3.12/site-packages/pandas/io/parsers/readers.py", line 948, in read_csv
    return _read(filepath_or_buffer, kwds)
           ^^^^^^^^^^^^^^^^^^^^^^^^^^^^^^^
  File "/home/airflow/.local/lib/python3.12/site-packages/pandas/io/parsers/readers.py", line 611, in _read
    parser = TextFileReader(filepath_or_buffer, **kwds)
             ^^^^^^^^^^^^^^^^^^^^^^^^^^^^^^^^^^^^^^^^^^
  File "/home/airflow/.local/lib/python3.12/site-packages/pandas/io/parsers/readers.py", line 1448, in __init__
    self._engine = self._make_engine(f, self.engine)
                   ^^^^^^^^^^^^^^^^^^^^^^^^^^^^^^^^^
  File "/home/airflow/.local/lib/python3.12/site-packages/pandas/io/parsers/readers.py", line 1705, in _make_engine
    self.handles = get_handle(
                   ^^^^^^^^^^^
  File "/home/airflow/.local/lib/python3.12/site-packages/pandas/io/common.py", line 863, in get_handle
    handle = open(
             ^^^^^
FileNotFoundError: [Errno 2] No such file or directory: '/opt/airflow/data/email_thread_details.csv'
[2025-11-21T05:57:59.744+0000] {taskinstance.py:1205} INFO - Marking task as FAILED. dag_id=load_email_thread_data, task_id=load_email_data, execution_date=20251121T055745, start_date=20251121T055758, end_date=20251121T055759
[2025-11-21T05:57:59.827+0000] {standard_task_runner.py:110} ERROR - Failed to execute job 7 for task load_email_data ([Errno 2] No such file or directory: '/opt/airflow/data/email_thread_details.csv'; 317)
[2025-11-21T05:57:59.903+0000] {local_task_job_runner.py:240} INFO - Task exited with return code 1
[2025-11-21T05:57:59.981+0000] {taskinstance.py:3482} INFO - 0 downstream tasks scheduled from follow-on schedule check
[2025-11-21T05:58:00.051+0000] {local_task_job_runner.py:222} INFO - ::endgroup::
